finished reading file
12479 tags
1000 musics
Clustering Tags
Number of clusters for tags:228
Clustering Musics
Printing Clusters
Common Tags: pleasant sunday morning, sunday morning
Descriptive Terms: sunday, morning
----------------------------------------------------
44,50,87,633

Common Tags: dance party, techno dance party, hipster dance party
Descriptive Terms: dance, party
-----------------------------------------------------------------
564,764,923,936,953,957

Common Tags: third wave ska, third wave ska revival
Descriptive Terms: ska, third, wave
---------------------------------------------------
321,324,326,330,377,380,385,387

Common Tags: blue mind mix, blue mind
Descriptive Terms: blue, mind
-------------------------------------
36,70

Common Tags: female vocals, vocals female
Descriptive Terms: vocals, female
-----------------------------------------
118,119,132,136,564,614,630,679,740,814,902,945,948,952,991

Common Tags: suny day music, suny day
Descriptive Terms: suny, day
-------------------------------------
641,859

Common Tags: funky house, funky house : house, funky house artists, funky house sesions
Descriptive Terms: house, funky
---------------------------------------------------------------------------------------
427,436,446,450,452,460,460,466,495,498,507,524,531,535,543,543,543,553,553,560,562,562,564,594

Common Tags: rock top mods, rock top
Descriptive Terms: top, rock
------------------------------------
252,252,605

Common Tags: great female voices, female voices
Descriptive Terms: female, voices
-----------------------------------------------
132,132,136,748

Common Tags: new orleans, new orleans blues, new orleans soul, new orleans funk
Descriptive Terms: new, orleans
-------------------------------------------------------------------------------
215,215,215,215,235,241,241,286,296

Common Tags: favourite songs, my favourite songs, curent favourite songs
Descriptive Terms: favourite, songs
------------------------------------------------------------------------
3,4,8,54,98,251,256,550,623,655,764

Common Tags: makes me want to cry, makes me want to dance
Descriptive Terms: me, to, makes, want
---------------------------------------------------------
653,954

Common Tags: slow dance, dance slow
Descriptive Terms: dance, slow
-----------------------------------
283,288

Common Tags: jaz female vocalists, female jaz, female jaz vocalists
Descriptive Terms: jaz, female
-------------------------------------------------------------------
825,836,836

Common Tags: to download, music to download
Descriptive Terms: download, to
-------------------------------------------
107,777

Common Tags: play it loud, play it loud loud loud
Descriptive Terms: play, loud, it
-------------------------------------------------
432,566

Common Tags: asian kung fu generation, asian kung fu
Descriptive Terms: kung, fu, asian
----------------------------------------------------
916,919,919

Common Tags: soul blues, jaz blues soul
Descriptive Terms: blues, soul
---------------------------------------
239,260,852

Common Tags: garden state, garden state soundtrack
Descriptive Terms: state, garden
--------------------------------------------------
15,15

Common Tags: electric blues, electric harmonica blues, electric chicago blues
Descriptive Terms: blues, electric
-----------------------------------------------------------------------------
210,239,239,239,279,280,293,295,301,304

Common Tags: r and b chart, r and b
Descriptive Terms: and, r, b
-----------------------------------
205,229,238,250,265,503,908,977,987

Common Tags: the beat, fel the beat
Descriptive Terms: beat, the
-----------------------------------
466,473

Common Tags: male vocals, vocals male
Descriptive Terms: male, vocals
-------------------------------------
43,70,310,573,647,648,856

Common Tags: experimental rock, post rock experimental
Descriptive Terms: experimental, rock
------------------------------------------------------
622,622,753

Common Tags: al time favorite songs, al time favorite
Descriptive Terms: favorite, al, time
-----------------------------------------------------
279,432,517

Common Tags: chil out, chil out dub, flya chil out
Descriptive Terms: chil, out
--------------------------------------------------
8,10,70,162,507,614,616,620,688,702,802,957

Common Tags: regae ska, ska regae patchanka
Descriptive Terms: regae, ska
-------------------------------------------
378,391

Common Tags: country rock, alternative country rock
Descriptive Terms: country, rock
---------------------------------------------------
218,223,224,256,268,661

Common Tags: male singer songwriters, male singer
Descriptive Terms: singer, male
-------------------------------------------------
779,842

Common Tags: god mod, the god mod
Descriptive Terms: god, mod
---------------------------------
213,473

Common Tags: morning music, early morning music
Descriptive Terms: music, morning
-----------------------------------------------
3,10,258,573

Common Tags: rainy sunday afternon, sunday afternon
Descriptive Terms: sunday, afternon
---------------------------------------------------
38,415,601

Common Tags: indie pop, fave indie pop, spanish indie pop, indie pop estranjeras, indie electro pop
Descriptive Terms: indie, pop
---------------------------------------------------------------------------------------------------
1,3,5,8,10,11,12,15,22,28,37,43,50,53,55,57,66,75,109,116,302,557,608,611,622,632,634,640,641,643,645,647,657,659,660,669,676,680,680,682,692,698,699,708,715,719,721,733,736,749,751,763,767,773,775,782,787,952,957,980,985,989,992,999

Common Tags: soulful house, dep soulful house
Descriptive Terms: house, soulful
---------------------------------------------
451,466,553,560,564,564

Common Tags: best blues, best of blues
Descriptive Terms: blues, best
--------------------------------------
274,293,304

Common Tags: electro house, house electro
Descriptive Terms: house, electro
-----------------------------------------
429,437,440,455,462,489,506,511,524,543,550,940,948

Common Tags: i love this, i love this song
Descriptive Terms: i, this, love
------------------------------------------
265,342,608,633,709

Common Tags: 2 step, electro 2 step
Descriptive Terms: step, 2
-----------------------------------
570,932

Common Tags: late night programing, late night
Descriptive Terms: late, night
----------------------------------------------
590,662

Common Tags: bob dylan, bob dylan cover
Descriptive Terms: bob, dylan
---------------------------------------
824,824

Common Tags: soundtrack of my life, my life soundtrack
Descriptive Terms: soundtrack, life, my
------------------------------------------------------
10,11,37,271

Common Tags: cornersoul   loved tracks, loved tracks
Descriptive Terms: loved, tracks
----------------------------------------------------
779,909

Common Tags: god gym music, gym music
Descriptive Terms: gym, music
-------------------------------------
464,977

Common Tags: female trance, female vocal trance
Descriptive Terms: trance, female
-----------------------------------------------
434,579

Common Tags: drums, drums drums drums
Descriptive Terms: drums
-------------------------------------
583,738

Common Tags: electronic dance, flya electronic dance, electronic dance music, dance electronic
Descriptive Terms: dance, electronic
----------------------------------------------------------------------------------------------
483,579,991,999

Common Tags: dub u, dub u dub
Descriptive Terms: dub, u
-----------------------------
148,172,172,187,187,199,240,240,368,368

Common Tags: al  time favourite, al time favourite
Descriptive Terms: favourite, al, time
--------------------------------------------------
402,723

Common Tags: sexy, sexy sexy
Descriptive Terms: sexy
----------------------------
309,429,455,507,510,564,589,620,644,688,732,749,759,775,777,785,836,923,933,948,955,957,987,991,999

Common Tags: dancehal regae, lions regae dancehal, regae dancehal
Descriptive Terms: dancehal, regae
-----------------------------------------------------------------
152,162,163,179,185,201

Common Tags: sing along, sing along song
Descriptive Terms: sing, along
----------------------------------------
10,42,335,626

Common Tags: make me hapy songs, songs that make me hapy
Descriptive Terms: me, make, hapy, songs
--------------------------------------------------------
3,66

Common Tags: jaz vocal, vocal jaz
Descriptive Terms: jaz, vocal
---------------------------------
229,278,308,789,790,793,794,795,795,797,798,799,803,804,807,807,813,813,814,814,820,820,821,821,824,824,825,825,832,835,835,836,836,838,847,847,852,852

Common Tags: regae rocksteady, regae rocksteady dub
Descriptive Terms: regae, rocksteady
---------------------------------------------------
378,378

Common Tags: regae rots, rots rock regae, clasic rots regae
Descriptive Terms: regae, rots
-----------------------------------------------------------
162,169,176,182,194,196,199,199,201,240,253

Common Tags: club tracks, dirty club tracks
Descriptive Terms: club, tracks
-------------------------------------------
446,459,553,928

Common Tags: tamole likes it, tamole realy likes it
Descriptive Terms: likes, tamole, it
---------------------------------------------------
327,327,364,364

Common Tags: female vocal trance, trance vocal
Descriptive Terms: trance, vocal
----------------------------------------------
579,582

Common Tags: music to fal aslep to, fal aslep to
Descriptive Terms: to, fal, aslep
------------------------------------------------
4,40,61,112,142,663,669,708

Common Tags: rainy day music, rainy music
Descriptive Terms: rainy, music
-----------------------------------------
21,70,86

Common Tags: rock rol, rock and rol, rock n rol
Descriptive Terms: rol, rock
-----------------------------------------------
257,262,269,269,271,281,284,284,920

Common Tags: frou frou, frou
Descriptive Terms: frou
----------------------------
740,740

Common Tags: regae and ska, ska regae, regae ska
Descriptive Terms: regae, ska
------------------------------------------------
324,335,374,378

Common Tags: pop rock, alternative pop rock, electro rock pop
Descriptive Terms: pop, rock
-------------------------------------------------------------
17,57,116,288,387,482,751,764,920

Common Tags: things to remember, to remember
Descriptive Terms: to, remember
--------------------------------------------
142,614

Common Tags: hard trance, flya hard trance
Descriptive Terms: trance, hard
------------------------------------------
475,475

Common Tags: carole king, carole king cover
Descriptive Terms: king, carole
-------------------------------------------
221,255,282

Common Tags: ska ska ska ska, ska ska ska
Descriptive Terms: ska
-----------------------------------------
401,401,417

Common Tags: love, love love love
Descriptive Terms: love
---------------------------------
0,1,2,3,4,5,8,9,10,11,12,14,15,17,23,33,37,40,42,43,46,54,55,56,70,86,102,115,122,192,270,311,473,608,625,628,630,640,646,657,660,662,663,669,676,688,697,699,722,743,759,763,763,769,779,782,785,800,813,824,834,836,844,847,852,859,937,945,948,953,955,957,965

Common Tags: female jaz, female jaz vocalists, female jaz vocalist
Descriptive Terms: jaz, female
------------------------------------------------------------------
836,836,836

Common Tags: my song, my favorite song
Descriptive Terms: my, song
--------------------------------------
616,641,861

Common Tags: my soundtrack, my life soundtrack, my own soundtrack
Descriptive Terms: soundtrack, my
-----------------------------------------------------------------
10,37,677,682

Common Tags: american analog set, the american analog set
Descriptive Terms: american, set, analog
---------------------------------------------------------
598,598

Common Tags: ska punk, punk ska
Descriptive Terms: punk, ska
-------------------------------
312,313,320,321,322,323,324,326,328,329,330,331,332,333,334,335,336,339,340,341,342,344,345,348,349,353,360,377,380,387,388,393,397,400,401,402,404,405,407,412,416,416,417,660

Common Tags: trip hop, instrumental trip hop
Descriptive Terms: trip, hop
--------------------------------------------
183,507,544,564,583,614,616,685,688,700,704,721,732,739,740,743,762,762,772,777,788,909

Common Tags: british folk rock, british rock
Descriptive Terms: british, rock
--------------------------------------------
214,770

Common Tags: jaz blues, female jaz blues, blues jaz top, jaz blues soul
Descriptive Terms: blues, jaz
-----------------------------------------------------------------------
260,275,293,814,830,852

Common Tags: early morning music, early morning
Descriptive Terms: early, morning
-----------------------------------------------
573,606

Common Tags: j pop, kotoko j pop
Descriptive Terms: j, pop
--------------------------------
859,861,862,863,864,865,866,867,868,870,871,872,878,879,880,881,884,885,886,887,889,890,891,892,892,894,896,899,900,901,902,903,904,908,909,910,915,917

Common Tags: best song ever, best song
Descriptive Terms: best, song
--------------------------------------
12,898

Common Tags: i like tracks, i like
Descriptive Terms: i, like
----------------------------------
7,12,118,659

Common Tags: cwdb   indie, cwdb   indie 2
Descriptive Terms: indie, cwdb
-----------------------------------------
41,714

Common Tags: dance, dance dance dance
Descriptive Terms: dance
-------------------------------------
33,384,401,409,419,424,426,427,428,429,430,431,433,434,436,438,439,440,441,442,443,444,445,446,447,448,449,450,452,454,455,456,457,458,459,460,462,463,464,465,466,467,468,469,470,471,472,473,475,476,477,478,479,480,482,484,485,486,488,489,490,491,492,493,495,496,497,498,501,503,506,507,509,510,511,512,513,514,515,516,517,518,519,520,522,523,524,525,526,529,530,532,534,535,536,539,540,543,544,545,546,547,548,549,550,552,553,554,555,556,557,560,561,562,563,564,566,567,569,571,573,576,578,579,581,582,583,585,586,587,588,589,590,591,592,660,676,737,764,769,887,890,923,929,933,935,945,948,949,951,952,953,954,955,957,966,970,971,972,973,975,979,980,981,982,987,989,990,991,992,993,997,999

Common Tags: dep house, dep soulful house
Descriptive Terms: dep, house
-----------------------------------------
472,482,498,503,507,510,518,520,531,535,536,543,547,562,564,576

Common Tags: traditional japanese, traditional japanese music
Descriptive Terms: traditional, japanese
-------------------------------------------------------------
896,896

Common Tags: always stuck in my head, stuck in my head
Descriptive Terms: stuck, head, my, in
------------------------------------------------------
33,697

Common Tags: electronica and dance, dance electronica
Descriptive Terms: dance, electronica
-----------------------------------------------------
471,935

Common Tags: wonderful female artists, female artists
Descriptive Terms: female, artists
-----------------------------------------------------
229,814

Common Tags: best albums, best albums ever
Descriptive Terms: albums, best
------------------------------------------
102,531

Common Tags: new orleans soul, new soul
Descriptive Terms: new, soul
---------------------------------------
215,644

Common Tags: harmonica blues, electric harmonica blues, blues harmonica greats
Descriptive Terms: blues, harmonica
------------------------------------------------------------------------------
239,239,280

Common Tags: regae dub, regae rocksteady dub
Descriptive Terms: regae, dub
--------------------------------------------
187,378

Common Tags: night music, late night music
Descriptive Terms: music, night
------------------------------------------
21,436,475,562,573

Common Tags: sexy songs, sexy as songs
Descriptive Terms: sexy, songs
--------------------------------------
612,726,758

Common Tags: male vocal, male vocal dance
Descriptive Terms: male, vocal
-----------------------------------------
466,573

Common Tags: my favourite songs, my songs, my favourite
Descriptive Terms: my
-------------------------------------------------------
251,363,660,950

Common Tags: god music, old god music, god movin music, god gym music, fel god music
Descriptive Terms: god, music
------------------------------------------------------------------------------------
10,229,286,464,639,999

Common Tags: old schol, old schol soul, old schol house
Descriptive Terms: old, schol
-------------------------------------------------------
232,291,313,449,460,460,566,838,856

Common Tags: chil music, my chil music, music to chil to
Descriptive Terms: music, chil
--------------------------------------------------------
10,122,618

Common Tags: electro rock pop, electro rock
Descriptive Terms: electro, rock
-------------------------------------------
764,764

Common Tags: i fucking love this song, i love this song
Descriptive Terms: i, this, love, song
-------------------------------------------------------
109,342,608,709

Common Tags: the god stuf, the stuf
Descriptive Terms: the, stuf
-----------------------------------
607,721

Common Tags: flya hard trance, flya trance
Descriptive Terms: trance, flya
------------------------------------------
475,581

Common Tags: dance pop, dance   pop
Descriptive Terms: dance, pop
-----------------------------------
497,530,774,945,955,955

Common Tags: rots regae, regae rots, rots rock regae, clasic rots regae
Descriptive Terms: regae, rots
-----------------------------------------------------------------------
147,148,149,151,155,162,163,165,169,170,171,176,176,177,179,180,182,182,185,186,187,188,190,192,194,194,195,196,196,197,199,199,199,200,201,201,202,240,240,253,253,384,411,413

Common Tags: sentimental favorites from the 1970s, sentimental favorites from the 2000s
Descriptive Terms: the, sentimental, from, favorites
---------------------------------------------------------------------------------------
257,271

Common Tags: my chil music, my music
Descriptive Terms: my, music
------------------------------------
122,278

Common Tags: klein jaz oldies favourites, klein oldies favourites, klein jaz favourites
Descriptive Terms: favourites, klein
---------------------------------------------------------------------------------------
839,839,839,848,848

Common Tags: sad songs, my sad songs
Descriptive Terms: songs, sad
------------------------------------
4,8,188,399

Common Tags: female vocalist, female jaz vocalist, japanese female vocalist
Descriptive Terms: vocalist, female
---------------------------------------------------------------------------
22,96,119,132,143,221,229,245,255,434,482,564,579,614,616,617,620,669,688,697,739,750,769,807,808,814,821,825,836,836,861,867,884,886,899,902,903,908,952,955

Common Tags: vocal house, house vocal
Descriptive Terms: house, vocal
-------------------------------------
431,445,457,458,478,482,483,497,517,543,545,545,552,553,562,564

Common Tags: the perfect song, perfect song
Descriptive Terms: perfect, song
-------------------------------------------
788,859

Common Tags: my music, my tenage music
Descriptive Terms: music, my
--------------------------------------
278,753

Common Tags: best of 2006, best songs of 2006
Descriptive Terms: of, 2006, best
---------------------------------------------
975,977,983,983

Common Tags: vocal dance, male vocal dance
Descriptive Terms: dance, vocal
------------------------------------------
552,573

Common Tags: alternrock alt rock, alt rock
Descriptive Terms: alt, rock
------------------------------------------
25,646,648,679

Common Tags: electronic dance music, dance electronic
Descriptive Terms: dance, electronic
-----------------------------------------------------
991,999

Common Tags: top 40, uk top 40
Descriptive Terms: top, 40
------------------------------
455,462,839

Common Tags: real soul music, soul music
Descriptive Terms: music, soul
----------------------------------------
265,274,290

Common Tags: post rock, post rock experimental
Descriptive Terms: post, rock
----------------------------------------------
598,612,615,622,626,666,684,694,733,748,749,763,806

Common Tags: late night alumni, late night
Descriptive Terms: late, night
------------------------------------------
582,662

Common Tags: female singers, most female singers
Descriptive Terms: singers, female
------------------------------------------------
614,680,836

Common Tags: dance music, electronic dance music
Descriptive Terms: dance, music
------------------------------------------------
33,515,554,991

Common Tags: love song, indie love song, love this song
Descriptive Terms: love, song
-------------------------------------------------------
3,3,10,11,56,212,266,687

Common Tags: for the soul, fod for the soul
Descriptive Terms: the, soul, for
-------------------------------------------
177,473

Common Tags: heard on last fm 08, heard on last fm
Descriptive Terms: heard, last, fm, on
--------------------------------------------------
432,552,553,605,721,788

Common Tags: my favorite songs, my songs
Descriptive Terms: my, songs
----------------------------------------
112,363

Common Tags: soundtrack to my life, my life soundtrack
Descriptive Terms: soundtrack, life, my
------------------------------------------------------
4,37

Common Tags: postal service, the postal service
Descriptive Terms: postal, service
-----------------------------------------------
719,719,735,782

Common Tags: acid, acid acid
Descriptive Terms: acid
----------------------------
425,449,456,510,520,563,659

Common Tags: ska revival, revival ska
Descriptive Terms: ska, revival
-------------------------------------
335,362,385

Common Tags: love this song, i love this song
Descriptive Terms: this, love, song
---------------------------------------------
11,342,608,709

Common Tags: the best songs ever made, the best songs ever
Descriptive Terms: the, ever, best, songs
----------------------------------------------------------
289,950

Common Tags: singer songwriter, singer   songwriter, m singer songwriter
Descriptive Terms: songwriter, singer
------------------------------------------------------------------------
0,1,2,3,4,5,6,7,8,9,10,11,12,13,14,15,17,18,19,21,22,23,24,25,26,27,28,29,31,32,33,35,36,37,38,39,40,42,43,44,45,45,46,50,51,54,55,56,57,58,59,60,61,65,66,67,68,69,70,71,72,75,76,77,78,79,81,83,86,88,90,94,95,96,99,100,101,102,104,106,107,108,109,110,112,113,115,116,117,118,119,120,121,122,123,124,126,127,130,132,135,136,138,139,140,141,142,143,144,157,214,221,228,230,231,242,255,256,258,263,265,270,271,273,286,287,289,292,297,303,305,307,558,572,600,612,614,616,617,632,633,640,653,664,668,669,670,671,673,679,702,710,715,718,722,738,742,776,779,782,785,791,803,807,815,836,844,852,883,955

Common Tags: fel god, i fel god, fel god tunes, fel god music
Descriptive Terms: god, fel
-------------------------------------------------------------
10,185,215,229,357,432,545,953,999

Common Tags: spanish pop, spanish indie pop
Descriptive Terms: pop, spanish
-------------------------------------------
371,611

Common Tags: late night music, late night
Descriptive Terms: late, night
-----------------------------------------
573,662

Common Tags: new york, new york city
Descriptive Terms: new, york
------------------------------------
322,625,660,736,763,953

Common Tags: my songs, my runing songs
Descriptive Terms: my, songs
--------------------------------------
363,574

Common Tags: night driving, driving at night
Descriptive Terms: driving, night
--------------------------------------------
21,122

Common Tags: love psychedelico   japan, love psychedelico
Descriptive Terms: love, psychedelico
---------------------------------------------------------
859,859,861,861

Common Tags: chanson francaise, chanson populaire francaise
Descriptive Terms: chanson, francaise
-----------------------------------------------------------
791,844,844

Common Tags: house pop, pop house
Descriptive Terms: house, pop
---------------------------------
535,552

Common Tags: rhythm and blues, rhythm blues
Descriptive Terms: blues, rhythm
-------------------------------------------
210,211,215,216,217,219,222,227,229,232,235,236,243,245,250,251,252,259,260,265,266,279,281,283,284,296,298,306,311,389,838,838,884

Common Tags: my sad songs, my songs
Descriptive Terms: my, songs
-----------------------------------
188,363

Common Tags: clasic rock baladas, rock baladas rock
Descriptive Terms: baladas, rock
---------------------------------------------------
71,521

Common Tags: high schol, high schol memories
Descriptive Terms: high, schol
--------------------------------------------
328,388,405,765

Common Tags: i like, albums i like, music i like, artists i like, i like it, radio i like
Descriptive Terms: i, like
-----------------------------------------------------------------------------------------
12,118,271,608,659,660,672

Common Tags: the band, the beta band, the best band
Descriptive Terms: band, the
---------------------------------------------------
223,692,881

Common Tags: z3po like this, like this
Descriptive Terms: this, like
--------------------------------------
226,637

Common Tags: my pop music, my pop, my music
Descriptive Terms: my
-------------------------------------------
51,61,68,108,132,229,278,354

Common Tags: god stuf, the god stuf
Descriptive Terms: god, stuf
-----------------------------------
3,17,21,235,330,333,367,496,566,607,660,678,735,950,993

Common Tags: club house, club house techno
Descriptive Terms: club, house
------------------------------------------
429,436,455,480,482,512,525,535,543,562,566,588

Common Tags: my heart cries, my heart
Descriptive Terms: heart, my
-------------------------------------
8,21

Common Tags: alternative rock, alternative pop rock, alternative country rock
Descriptive Terms: alternative, rock
-----------------------------------------------------------------------------
3,4,10,12,17,26,32,57,116,377,387,388,416,572,612,623,625,648,655,656,657,660,661,664,665,668,669,674,678,679,695,705,706,709,713,720,724,731,737,738,745,750,751,751,753,763,764,767,770,966

Common Tags: dance techno, techno dance party
Descriptive Terms: dance, techno
---------------------------------------------
482,936

Common Tags: indie electro pop, electro pop, electro indie
Descriptive Terms: electro
----------------------------------------------------------
692,721,955,957,975,992

Common Tags: dance house, house dance
Descriptive Terms: dance, house
-------------------------------------
530,535,553,567

Common Tags: blues piano, piano blues
Descriptive Terms: piano, blues
-------------------------------------
215,239,241,286

Common Tags: old tyme blues, old blues
Descriptive Terms: blues, old
--------------------------------------
244,297,301,840

Common Tags: rots rock, rots rock regae
Descriptive Terms: rots, rock
---------------------------------------
133,196,271

Common Tags: i like it, yay i like it
Descriptive Terms: i, like, it
-------------------------------------
660,916

Common Tags: late night, trance late night
Descriptive Terms: late, night
------------------------------------------
662,762

Common Tags: best songs ever, the best songs ever
Descriptive Terms: ever, best, songs
-------------------------------------------------
3,252,273,950,954

Common Tags: sunday music, sunday afternon music
Descriptive Terms: sunday, music
------------------------------------------------
440,628

Common Tags: 8 bit, 8 bit electro
Descriptive Terms: 8, bit
---------------------------------
970,970,971

Common Tags: al time favorites, my al time favorites
Descriptive Terms: al, favorites, time
----------------------------------------------------
8,64,657

Common Tags: hank wiliams, hank wiliams tagradio
Descriptive Terms: hank, wiliams
------------------------------------------------
247,247

Common Tags: like it, i like it
Descriptive Terms: like, it
-------------------------------
66,70,660

Common Tags: club house techno, techno house
Descriptive Terms: house, techno
--------------------------------------------
480,512,525,525,588

Common Tags: noah eatons al time favorite songs, al time favorite songs
Descriptive Terms: time, favorite, al, songs
-----------------------------------------------------------------------
257,271,279

Common Tags: four tops, the four tops
Descriptive Terms: four, tops
-------------------------------------
236,251

Common Tags: artist   favourite song, favourite song, favourite artist
Descriptive Terms: favourite
----------------------------------------------------------------------
566,933,957

Common Tags: best of, best of blues, best of 07, best of trance, best of 2005, best of 2007, best of 2008, best of 2006
Descriptive Terms: of, best
-----------------------------------------------------------------------------------------------------------------------
265,293,432,582,726,779,928,950,955,975,983,991,995,999

Common Tags: hip hop, chil hip hop, j hip hop, japanese hip hop, rap hip hop, alternative hip hop, underground hip hop, rnb hip hop, uk hip hop, general hip hop
Descriptive Terms: hip, hop
----------------------------------------------------------------------------------------------------------------------------------------------------------------
179,416,704,764,884,884,884,887,887,923,923,930,933,944,949,950,950,959,972,976,977,982,983,984,987,988,990,993,993,995,995,996,996,997,999

Common Tags: favorite songs, marco78trains favorite songs, favorite songs ever, my favorite songs, favorite devendra songs
Descriptive Terms: favorite, songs
--------------------------------------------------------------------------------------------------------------------------
3,4,5,8,12,21,24,43,79,86,107,112,115,127,195,256,268,292,303,342,472,608,640,657,722

Common Tags: jaz favorites, klein jaz favorites
Descriptive Terms: jaz, favorites
-----------------------------------------------
790,794

Common Tags: makes me dance, makes me wana dance
Descriptive Terms: me, dance, makes
------------------------------------------------
830,948

Common Tags: clasic soul, soul clasic
Descriptive Terms: clasic, soul
-------------------------------------
211,213,236,236,251,290,306

Common Tags: singer songwriters, indie singer songwriters, male singer songwriters
Descriptive Terms: singer, songwriters
----------------------------------------------------------------------------------
20,109,307,653,779

Common Tags: japanese music, traditional japanese music
Descriptive Terms: music, japanese
-------------------------------------------------------
865,880,887,892,896

Common Tags: check out, to check out, check it out, should check out
Descriptive Terms: check, out
--------------------------------------------------------------------
53,118,473,642,752

Common Tags: very knorpelfunky, very very knorpelfunky
Descriptive Terms: very, knorpelfunky
------------------------------------------------------
209,209

Common Tags: kanye west, kanye west production
Descriptive Terms: kanye, west
----------------------------------------------
950,950

Common Tags: the best, the best band
Descriptive Terms: the, best
------------------------------------
737,881

Common Tags: folk rock, british folk rock
Descriptive Terms: folk, rock
-----------------------------------------
2,3,4,12,15,17,21,23,24,25,33,42,49,59,61,64,76,95,104,110,115,116,121,140,214,214,223,225,228,230,231,237,242,248,255,258,268,270,271,272,273,274,277,303,618,692

Common Tags: sunday afternon, sunday afternon music, smoth sunday afternon
Descriptive Terms: sunday, afternon
--------------------------------------------------------------------------
415,601,628,698

Common Tags: old soul, old schol soul
Descriptive Terms: old, soul
-------------------------------------
213,221,243,291,838

Common Tags: blues, blues blues blues
Descriptive Terms: blues
-------------------------------------
2,10,23,60,66,71,88,94,115,205,210,211,213,215,217,219,221,222,229,230,235,239,241,243,244,245,259,260,263,265,274,279,280,280,281,286,292,293,295,296,297,298,301,304,306,307,623,784,798,807,813,814,824,836,838,840,852

Common Tags: vocal trance, female vocal trance, trance vocal
Descriptive Terms: trance, vocal
------------------------------------------------------------
431,440,454,457,472,482,513,552,554,569,579,582,631

Common Tags: flya electronic dance, dance electronic
Descriptive Terms: dance, electronic
----------------------------------------------------
579,999

Common Tags: dance club, club dance
Descriptive Terms: club, dance
-----------------------------------
429,436,452,467,475,482,489,516,543,554

Common Tags: best track ever, best fucking track ever
Descriptive Terms: track, ever, best
-----------------------------------------------------
446,652,788

Common Tags: british folk, british folk rock
Descriptive Terms: folk, british
--------------------------------------------
15,135,214,214,272,277

Common Tags: indie rock, easy indie rock, indie rock proper, indie rock favs, folksy indie rock
Descriptive Terms: indie, rock
-----------------------------------------------------------------------------------------------
1,3,4,5,6,8,9,10,12,17,24,25,43,44,55,75,107,109,112,122,130,417,572,598,607,608,612,624,625,627,642,648,655,657,660,661,667,669,670,671,672,673,676,677,677,678,679,680,682,695,697,698,703,705,707,716,720,722,724,726,735,736,737,738,745,749,750,751,752,753,754,755,763,764,767,767,771,776,778,782,785,786,920,962,992,999

Common Tags: love it, mama love it
Descriptive Terms: love, it
----------------------------------
8,11,21,61,72,158,188,388,482,562,579,616,620,957

Common Tags: third wave, third wave ska
Descriptive Terms: third, wave
---------------------------------------
313,321,324,326,330,377,377,380,385,388

Common Tags: lo fi, lo fi fnk
Descriptive Terms: lo, fi
-----------------------------
4,6,8,9,12,50,58,62,614,640,652,736,751,758,763,970,975,975

Common Tags: singer   songwriter, m singer songwriter
Descriptive Terms: songwriter, singer
-----------------------------------------------------
45,66,157,286

Common Tags: my guitar music, my music
Descriptive Terms: my, music
--------------------------------------
108,258,278

Common Tags: lions regae dancehal, regae dancehal
Descriptive Terms: dancehal, regae
-------------------------------------------------
163,179

Common Tags: alternative punk, alternative & punk
Descriptive Terms: alternative, punk
-------------------------------------------------
25,28,102,126,307,640,656,679,681,697,710

Common Tags: female vocalists, gotanygodmusic female vocalists, great female vocalists, jaz female vocalists, female jaz vocalists
Descriptive Terms: vocalists, female
----------------------------------------------------------------------------------------------------------------------------------
22,29,57,96,114,118,119,124,130,132,136,140,143,214,221,229,245,255,272,277,278,282,287,291,295,300,307,431,473,482,516,545,546,552,564,569,608,612,613,614,616,617,628,630,632,641,649,658,663,669,679,680,688,699,710,736,740,772,775,775,782,785,786,795,796,798,801,804,805,814,815,820,823,824,825,825,835,836,836,838,840,852,859,861,864,865,866,867,869,872,878,882,884,885,889,892,894,896,898,901,902,904,909,912,913,915,923,925,933,937,945,949,952,955,968,982,987,989,993,999

Common Tags: indie love song, indie love
Descriptive Terms: indie, love
----------------------------------------
3,735

Common Tags: female vocal, jazy female vocal, female vocal trance
Descriptive Terms: female, vocal
-----------------------------------------------------------------
57,116,438,503,579,852,900

Common Tags: indie rock favs, indie favs
Descriptive Terms: indie, favs
----------------------------------------
695,695

Common Tags: female jaz blues, female jaz
Descriptive Terms: jaz, female
-----------------------------------------
275,836

Common Tags: song for you, for you
Descriptive Terms: you, for
----------------------------------
70,95,620

Common Tags: ned to listen to more, listen to more
Descriptive Terms: to, listen, more
--------------------------------------------------
268,759

Common Tags: blue note favorites, blue note
Descriptive Terms: blue, note
-------------------------------------------
790,851

Common Tags: alternative pop rock, adult alternative pop rock, alternative pop
Descriptive Terms: alternative, pop
------------------------------------------------------------------------------
57,57,116,116,143,387,632,751

Common Tags: dub punk, punk dub
Descriptive Terms: dub, punk
-------------------------------
928,954

Common Tags: al the best, the best
Descriptive Terms: the, best
----------------------------------
61,237,271,737

Common Tags: clasic rock, clasic rock baladas
Descriptive Terms: clasic, rock
---------------------------------------------
21,71,71,214,219,221,223,237,246,248,255,258,262,268,269,270,271,284,286,293,294,299,305,309,310,387

Common Tags: rainy day, rainy day songs, rainy day music, rainy day sugar
Descriptive Terms: rainy, day
-------------------------------------------------------------------------
4,12,21,21,70,115,121,261,785,866

Common Tags: chicago blues, acoustic chicago blues, electric chicago blues
Descriptive Terms: blues, chicago
--------------------------------------------------------------------------
219,239,239,239,279,280,293,295,295,301

Common Tags: ben folds five, ben folds
Descriptive Terms: folds, ben
--------------------------------------
656,686,686

Common Tags: electronic music, electronic dance music
Descriptive Terms: music, electronic
-----------------------------------------------------
446,991

Common Tags: favourite male artist, favourite artist
Descriptive Terms: favourite, artist
----------------------------------------------------
270,957

Common Tags: ska, ska ska ska ska, ska ska ska
Descriptive Terms: ska
----------------------------------------------
183,312,313,314,315,316,317,318,319,320,321,322,324,325,326,328,329,330,331,332,333,334,335,336,337,338,339,340,341,342,343,344,345,346,347,348,349,350,351,352,353,354,355,356,357,358,359,360,361,362,363,364,365,366,367,368,369,370,371,372,373,374,375,376,377,378,379,380,381,382,384,385,386,387,388,389,390,391,392,393,394,395,396,397,398,399,400,401,401,401,402,403,404,405,406,407,408,409,410,411,412,413,414,415,416,417,417,418,752

Common Tags: acoustic chicago blues, acoustic blues
Descriptive Terms: acoustic, blues
---------------------------------------------------
239,239,244,274,297,304

Common Tags: ska regae, regae ska, ska regae patchanka
Descriptive Terms: regae, ska
------------------------------------------------------
374,378,391

Common Tags: pump up, pump it up
Descriptive Terms: pump, up
--------------------------------
473,876,879,890,903,978

Common Tags: electro pop, electro rock pop
Descriptive Terms: electro, pop
------------------------------------------
721,764,955,957,975

Common Tags: oldies favorites, klein oldies favorites
Descriptive Terms: favorites, oldies
-----------------------------------------------------
243,794,845

Common Tags: boys noize remix, boys noize
Descriptive Terms: noize, boys
-----------------------------------------
952,952

Common Tags: very god, very god house
Descriptive Terms: very, god
-------------------------------------
286,316,449,455,553

Common Tags: 3rd wave, 3rd wave ska
Descriptive Terms: 3rd, wave
-----------------------------------
323,328,381,402

